<?xml version="1.0" encoding="UTF-8"?>
<!-- Generated by org.testng.reporters.JUnitReportReporter -->
<testsuite hostname="DESKTOP-61IAQLG" failures="0" tests="3" name="com.browserstack.BStackDemoTest" time="84.803" errors="0" timestamp="2024-09-11T16:02:07 BDT" skipped="0">
  <testcase classname="com.browserstack.BStackDemoTest" name="addProductToCart" time="18.800"/>
  <system-out/>
  <testcase classname="com.browserstack.BStackDemoTest" name="addProductToCart" time="35.492"/>
  <system-out/>
  <testcase classname="com.browserstack.BStackDemoTest" name="addProductToCart" time="30.511"/>
  <system-out/>
</testsuite> <!-- com.browserstack.BStackDemoTest -->
