<?xml version="1.0" encoding="UTF-8"?>
<!-- Generated by org.testng.reporters.JUnitReportReporter -->
<testsuite hostname="DESKTOP-61IAQLG" failures="0" tests="1" name="runners.TestRunner" time="57.633" errors="0" timestamp="2024-09-15T20:02:55 BDT" skipped="0">
  <testcase classname="runners.TestRunner" name="runScenario" time="57.633"/>
</testsuite> <!-- runners.TestRunner -->
